<?xml version="1.0" encoding="UTF-8"?>
<testsuite xmlns:xsi="http://www.w3.org/2001/XMLSchema-instance" xsi:noNamespaceSchemaLocation="https://maven.apache.org/surefire/maven-surefire-plugin/xsd/surefire-test-report-3.0.xsd" version="3.0" name="LionAlexTest" time="0.005" tests="4" errors="0" skipped="0" failures="0">
  <properties>
[...]
</properties>
  <testcase name="testAlexHasZeroKittens" classname="LionAlexTest" time="0.001"/>
  <testcase name="testAlexFriendsList" classname="LionAlexTest" time="0.0"/>
  <testcase name="testAlexIsMale" classname="LionAlexTest" time="0.001"/>
  <testcase name="testAlexPlaceOfLiving" classname="LionAlexTest" time="0.001"/>
</testsuite>